Arguments: 
  C:\Program Files\nodejs\node.exe C:\Users\johan\AppData\Roaming\npm\node_modules\yarn\bin\yarn.js start

PATH: 
  C:\oraclexe\app\oracle\product\11.2.0\server\bin;C:\Program Files\Common Files\Oracle\Java\javapath;C:\Windows\system32;C:\Windows;C:\Windows\System32\Wbem;C:\Windows\System32\WindowsPowerShell\v1.0\;C:\Windows\System32\OpenSSH\;C:\Program Files (x86)\Git\cmd;C:\Program Files\GitHub CLI\;C:\Program Files\nodejs\;C:\Users\johan\AppData\Local\Programs\Python\Python311\Scripts\;C:\Users\johan\AppData\Local\Programs\Python\Python311\;C:\Users\johan\AppData\Local\Microsoft\WindowsApps;C:\Users\johan\AppData\Local\Programs\Microsoft VS Code\bin;C:\Users\johan\AppData\Local\GitHubDesktop\bin;C:\Users\johan\AppData\Roaming\npm

Yarn version: 
  1.22.19

Node version: 
  18.16.0

Platform: 
  win32 x64

Trace: 
  SyntaxError: C:\Users\johan\prueba3_daria\package.json: Unexpected string in JSON at position 166
      at JSON.parse (<anonymous>)
      at C:\Users\johan\AppData\Roaming\npm\node_modules\yarn\lib\cli.js:1629:59
      at Generator.next (<anonymous>)
      at step (C:\Users\johan\AppData\Roaming\npm\node_modules\yarn\lib\cli.js:310:30)
      at C:\Users\johan\AppData\Roaming\npm\node_modules\yarn\lib\cli.js:321:13

npm manifest: 
  {
    "name": "prueba3_daria",
    "version": "1.0.0",
    "description": "api de serie Daria",
    "main": "index.js",
    "author": "Johanna Hernandez",
    "license": "MIT"
    "scripts": {
      "start": "node index.js"
    }
  }

yarn manifest: 
  No manifest

Lockfile: 
  No lockfile
